<?xml version="1.0" encoding="UTF-8"?>
<testng-results ignored="0" total="0" passed="0" failed="0" skipped="0">
  <reporter-output>
  </reporter-output>
  <suite started-at="2023-04-03T12:32:53Z" name="CalculatorTest" finished-at="2023-04-03T12:32:53Z" duration-ms="10">
    <groups>
    </groups>
    <test started-at="2023-04-03T12:32:53Z" name="Command line test" finished-at="2023-04-03T12:32:53Z" duration-ms="10">
    </test> <!-- Command line test -->
  </suite> <!-- CalculatorTest -->
</testng-results>
